<?xml version="1.0" encoding="UTF-8"?>
<!-- Generated by org.testng.reporters.JUnitXMLReporter -->
<testsuite hostname="L-156170068" ignored="0" name="Default test(failed)" tests="1" failures="1" timestamp="01 Nov 2019 03:30:26 GMT" time="40.392" errors="0">
  <testcase name="TC70_Pubmatic_Midroll_Played" time="16.475" classname="com.telkomsel.android.vmp.test.TC70_Drop1_Regression_Pubmatic_Midroll">
    <failure type="java.lang.AssertionError" message="Object not found step failed">
      <![CDATA[java.lang.AssertionError: Object not found step failed
	at com.telkomsel.android.vmp.utilities.GeneralUtilities.verifyelemen(GeneralUtilities.java:61)
	at com.telkomsel.android.vmp.utilities.GeneralUtilities.click(GeneralUtilities.java:102)
	at com.telkomsel.android.vmp.pageobjects.AutosuggestForSearchPage.ClickSearchIcon(AutosuggestForSearchPage.java:99)
	at com.telkomsel.android.vmp.test.TC70_Drop1_Regression_Pubmatic_Midroll.TC70_Pubmatic_Midroll_Played(TC70_Drop1_Regression_Pubmatic_Midroll.java:33)
... Removed 26 stack frames]]>
    </failure>
  </testcase> <!-- TC70_Pubmatic_Midroll_Played -->
</testsuite> <!-- Default test(failed) -->
