<?xml version="1.0" encoding="UTF-8"?>
<!-- Generated by org.testng.reporters.JUnitXMLReporter -->
<testsuite ignored="0" hostname="IDMAC008s-MacBook-Pro.local" failures="2" tests="10" name="SRP Enquiry Phone" time="1279.451" errors="0" timestamp="19 Feb 2021 07:37:59 GMT">
  <testcase classname="android.ninetynine.srp.enquiry.C1045_SRP_Unver_MustSee_PhoneEnquiry" name="C1045_SRP_Unver_MustSee_Phone_Enquiry" time="93.136"/>
  <testcase classname="android.ninetynine.srp.enquiry.C1046_SRP_Ver_MustSee_PhoneEnquiry" name="C1046_SRP_Ver_MustSee_Phone_Enquiry" time="91.827"/>
  <testcase classname="android.ninetynine.srp.enquiry.C1047_SRP_LoginUnver_MustSee_PhoneEnquiry" name="C1047_SRP_LoginUnver_MustSee_Phone_Enquiry" time="129.532"/>
  <testcase classname="android.ninetynine.srp.enquiry.C1048_SRP_LoginVer_MustSee_PhoneEnquiry" name="C1048_SRP_LoginVer_MustSee_Chat_Enquiry" time="137.044"/>
  <testcase classname="android.ninetynine.srp.enquiry.C1130_SRP_NoAcc_Reg_PhoneEnquiry" name="C1130_SRP_NoAcc_Reg_Phone_Enquiry" time="79.477">
    <failure type="java.lang.AssertionError" message="Object not found step failed">
      <![CDATA[java.lang.AssertionError: Object not found step failed
	at android.ninetynine.util.GeneralUtilities.verifyelemen(GeneralUtilities.java:51)
	at android.ninetynine.util.GeneralUtilities.click(GeneralUtilities.java:60)
	at android.ninetynine.pageobjects.SearchResultPage.Click_Srp_BtPhone(SearchResultPage.java:118)
	at android.ninetynine.srp.enquiry.C1130_SRP_NoAcc_Reg_PhoneEnquiry.C1130_SRP_NoAcc_Reg_Phone_Enquiry(C1130_SRP_NoAcc_Reg_PhoneEnquiry.java:61)
... Removed 26 stack frames]]>
    </failure>
  </testcase> <!-- C1130_SRP_NoAcc_Reg_Phone_Enquiry -->
  <testcase classname="android.ninetynine.srp.enquiry.C1131_SRP_Unver_Reg_PhoneEnquiry" name="C1131_SRP_Unver_Reg_Phone_Enquiry" time="89.454"/>
  <testcase classname="android.ninetynine.srp.enquiry.C1132_SRP_Ver_Reg_PhoneEnquiry" name="C1132_SRP_Ver_Reg_Phone_Enquiry" time="99.234"/>
  <testcase classname="android.ninetynine.srp.enquiry.C1133_SRP_LoginUnver_Reg_PhoneEnquiry" name="C1133_SRP_LoginUnver_Reg_Phone_Enquiry" time="130.939">
    <failure type="java.lang.AssertionError" message="Object not found step failed">
      <![CDATA[java.lang.AssertionError: Object not found step failed
	at android.ninetynine.util.GeneralUtilities.verifyelemen(GeneralUtilities.java:51)
	at android.ninetynine.util.GeneralUtilities.click(GeneralUtilities.java:60)
	at android.ninetynine.pageobjects.SearchResultPage.Click_CA_BtConfirm(SearchResultPage.java:140)
	at android.ninetynine.srp.enquiry.C1133_SRP_LoginUnver_Reg_PhoneEnquiry.C1133_SRP_LoginUnver_Reg_Phone_Enquiry(C1133_SRP_LoginUnver_Reg_PhoneEnquiry.java:86)
... Removed 26 stack frames]]>
    </failure>
  </testcase> <!-- C1133_SRP_LoginUnver_Reg_Phone_Enquiry -->
  <testcase classname="android.ninetynine.srp.enquiry.C1134_SRP_LoginVer_Reg_PhoneEnquiry" name="C1048_SRP_LoginVer_MustSee_Chat_Enquiry" time="131.552"/>
  <testcase classname="android.ninetynine.srp.enquiry.C742_SRP_NoAcc_MustSee_PhoneEnquiry" name="C742_SRP_NoAcc_MustSee_Phone_Enquiry" time="91.499"/>
</testsuite> <!-- SRP Enquiry Phone -->
