<?xml version="1.0" encoding="UTF-8"?>
<!-- Generated by org.testng.reporters.JUnitReportReporter -->
<testsuite name="com.telkomsel.android.vmp.test.Group1_Regression_Pre_Browse_HooqTVShowDetails" tests="1" time="143.376" ignored="0" failures="0" timestamp="04 Oct 2019 03:33:21 GMT" skipped="0" hostname="L-156182171" errors="1">
  <testcase name="Test_Regression_Pre_Browse_HooqTVShowDetails" time="143.376" classname="com.telkomsel.android.vmp.test.Group1_Regression_Pre_Browse_HooqTVShowDetails">
    <error type="java.lang.NullPointerException" message="Element Shoul not Be there Step FAiled">
      <![CDATA[java.lang.NullPointerException: Element Shoul not Be there Step FAiled
	at com.telkomsel.android.vmp.utilities.GeneralUtilities.shouldornot(GeneralUtilities.java:30)
	at com.telkomsel.android.vmp.pageobjects.HooqPage.moreNotThere(HooqPage.java:289)
	at com.telkomsel.android.vmp.test.Group1_Regression_Pre_Browse_HooqTVShowDetails.Test_Regression_Pre_Browse_HooqTVShowDetails(Group1_Regression_Pre_Browse_HooqTVShowDetails.java:70)
	at sun.reflect.NativeMethodAccessorImpl.invoke0(Native Method)
	at sun.reflect.NativeMethodAccessorImpl.invoke(Unknown Source)
	at sun.reflect.DelegatingMethodAccessorImpl.invoke(Unknown Source)
	at java.lang.reflect.Method.invoke(Unknown Source)
	at org.testng.internal.MethodInvocationHelper.invokeMethod(MethodInvocationHelper.java:104)
	at org.testng.internal.Invoker.invokeMethod(Invoker.java:645)
	at org.testng.internal.Invoker.invokeTestMethod(Invoker.java:851)
	at org.testng.internal.Invoker.invokeTestMethods(Invoker.java:1177)
	at org.testng.internal.TestMethodWorker.invokeTestMethods(TestMethodWorker.java:129)
	at org.testng.internal.TestMethodWorker.run(TestMethodWorker.java:112)
	at org.testng.TestRunner.privateRun(TestRunner.java:756)
	at org.testng.TestRunner.run(TestRunner.java:610)
	at org.testng.SuiteRunner.runTest(SuiteRunner.java:387)
	at org.testng.SuiteRunner.runSequentially(SuiteRunner.java:382)
	at org.testng.SuiteRunner.privateRun(SuiteRunner.java:340)
	at org.testng.SuiteRunner.run(SuiteRunner.java:289)
	at org.testng.SuiteRunnerWorker.runSuite(SuiteRunnerWorker.java:52)
	at org.testng.SuiteRunnerWorker.run(SuiteRunnerWorker.java:86)
	at org.testng.TestNG.runSuitesSequentially(TestNG.java:1293)
	at org.testng.TestNG.runSuitesLocally(TestNG.java:1218)
	at org.testng.TestNG.runSuites(TestNG.java:1133)
	at org.testng.TestNG.run(TestNG.java:1104)
	at org.testng.remote.AbstractRemoteTestNG.run(AbstractRemoteTestNG.java:115)
	at org.testng.remote.RemoteTestNG.initAndRun(RemoteTestNG.java:251)
	at org.testng.remote.RemoteTestNG.main(RemoteTestNG.java:77)
]]>
    </error>
  </testcase> <!-- Test_Regression_Pre_Browse_HooqTVShowDetails -->
</testsuite> <!-- com.telkomsel.android.vmp.test.Group1_Regression_Pre_Browse_HooqTVShowDetails -->
