<?xml version="1.0" encoding="UTF-8"?>
<!-- Generated by org.testng.reporters.JUnitReportReporter -->
<testsuite ignored="0" hostname="IDMAC008s-MacBook-Pro.local" failures="1" tests="1" name="android.ninetynine.srp.enquiry.C1133_SRP_LoginUnver_Reg_PhoneEnquiry" time="148.670" errors="0" timestamp="19 Feb 2021 07:38:00 GMT" skipped="0">
  <testcase classname="android.ninetynine.srp.enquiry.C1133_SRP_LoginUnver_Reg_PhoneEnquiry" name="C1133_SRP_LoginUnver_Reg_Phone_Enquiry" time="148.670">
    <failure message="Object not found step failed" type="java.lang.AssertionError">
      <![CDATA[java.lang.AssertionError: Object not found step failed
	at org.testng.Assert.fail(Assert.java:94)
	at android.ninetynine.util.GeneralUtilities.verifyelemen(GeneralUtilities.java:51)
	at android.ninetynine.util.GeneralUtilities.click(GeneralUtilities.java:60)
	at android.ninetynine.pageobjects.SearchResultPage.Click_CA_BtConfirm(SearchResultPage.java:140)
	at android.ninetynine.srp.enquiry.C1133_SRP_LoginUnver_Reg_PhoneEnquiry.C1133_SRP_LoginUnver_Reg_Phone_Enquiry(C1133_SRP_LoginUnver_Reg_PhoneEnquiry.java:86)
	at java.base/jdk.internal.reflect.NativeMethodAccessorImpl.invoke0(Native Method)
	at java.base/jdk.internal.reflect.NativeMethodAccessorImpl.invoke(NativeMethodAccessorImpl.java:62)
	at java.base/jdk.internal.reflect.DelegatingMethodAccessorImpl.invoke(DelegatingMethodAccessorImpl.java:43)
	at java.base/java.lang.reflect.Method.invoke(Method.java:564)
	at org.testng.internal.MethodInvocationHelper.invokeMethod(MethodInvocationHelper.java:104)
	at org.testng.internal.Invoker.invokeMethod(Invoker.java:645)
	at org.testng.internal.Invoker.invokeTestMethod(Invoker.java:851)
	at org.testng.internal.Invoker.invokeTestMethods(Invoker.java:1177)
	at org.testng.internal.TestMethodWorker.invokeTestMethods(TestMethodWorker.java:129)
	at org.testng.internal.TestMethodWorker.run(TestMethodWorker.java:112)
	at org.testng.TestRunner.privateRun(TestRunner.java:756)
	at org.testng.TestRunner.run(TestRunner.java:610)
	at org.testng.SuiteRunner.runTest(SuiteRunner.java:387)
	at org.testng.SuiteRunner.runSequentially(SuiteRunner.java:382)
	at org.testng.SuiteRunner.privateRun(SuiteRunner.java:340)
	at org.testng.SuiteRunner.run(SuiteRunner.java:289)
	at org.testng.SuiteRunnerWorker.runSuite(SuiteRunnerWorker.java:52)
	at org.testng.SuiteRunnerWorker.run(SuiteRunnerWorker.java:86)
	at org.testng.TestNG.runSuitesSequentially(TestNG.java:1293)
	at org.testng.TestNG.runSuitesLocally(TestNG.java:1218)
	at org.testng.TestNG.runSuites(TestNG.java:1133)
	at org.testng.TestNG.run(TestNG.java:1104)
	at org.testng.remote.AbstractRemoteTestNG.run(AbstractRemoteTestNG.java:115)
	at org.testng.remote.RemoteTestNG.initAndRun(RemoteTestNG.java:251)
	at org.testng.remote.RemoteTestNG.main(RemoteTestNG.java:77)
]]>
    </failure>
  </testcase> <!-- C1133_SRP_LoginUnver_Reg_Phone_Enquiry -->
</testsuite> <!-- android.ninetynine.srp.enquiry.C1133_SRP_LoginUnver_Reg_PhoneEnquiry -->
