<?xml version="1.0" encoding="UTF-8"?>
<!-- Generated by org.testng.reporters.JUnitReportReporter -->
<testsuite name="com.telkomsel.android.vmp.phase23.drop1.TC13_Drop1_Regression_Inmobi_MidrollBanner_AdTest40" tests="1" time="31.672" ignored="0" failures="1" timestamp="06 Dec 2019 09:13:04 GMT" skipped="0" hostname="L-156170068" errors="0">
  <testcase name="TC13_Inmobi_Midroll_Banner" time="31.672" classname="com.telkomsel.android.vmp.phase23.drop1.TC13_Drop1_Regression_Inmobi_MidrollBanner_AdTest40">
    <failure type="java.lang.AssertionError" message="Object not found step failed">
      <![CDATA[java.lang.AssertionError: Object not found step failed
	at org.testng.Assert.fail(Assert.java:94)
	at com.telkomsel.android.vmp.utilities.GeneralUtilities.verifyelemen(GeneralUtilities.java:71)
	at com.telkomsel.android.vmp.utilities.GeneralUtilities.click(GeneralUtilities.java:112)
	at com.telkomsel.android.vmp.pageobjects.LandingPage.clickMenuBar(LandingPage.java:252)
	at com.telkomsel.android.vmp.phase23.drop1.TC13_Drop1_Regression_Inmobi_MidrollBanner_AdTest40.TC13_Inmobi_Midroll_Banner(TC13_Drop1_Regression_Inmobi_MidrollBanner_AdTest40.java:57)
	at sun.reflect.NativeMethodAccessorImpl.invoke0(Native Method)
	at sun.reflect.NativeMethodAccessorImpl.invoke(Unknown Source)
	at sun.reflect.DelegatingMethodAccessorImpl.invoke(Unknown Source)
	at java.lang.reflect.Method.invoke(Unknown Source)
	at org.testng.internal.MethodInvocationHelper.invokeMethod(MethodInvocationHelper.java:104)
	at org.testng.internal.Invoker.invokeMethod(Invoker.java:645)
	at org.testng.internal.Invoker.invokeTestMethod(Invoker.java:851)
	at org.testng.internal.Invoker.invokeTestMethods(Invoker.java:1177)
	at org.testng.internal.TestMethodWorker.invokeTestMethods(TestMethodWorker.java:129)
	at org.testng.internal.TestMethodWorker.run(TestMethodWorker.java:112)
	at org.testng.TestRunner.privateRun(TestRunner.java:756)
	at org.testng.TestRunner.run(TestRunner.java:610)
	at org.testng.SuiteRunner.runTest(SuiteRunner.java:387)
	at org.testng.SuiteRunner.runSequentially(SuiteRunner.java:382)
	at org.testng.SuiteRunner.privateRun(SuiteRunner.java:340)
	at org.testng.SuiteRunner.run(SuiteRunner.java:289)
	at org.testng.SuiteRunnerWorker.runSuite(SuiteRunnerWorker.java:52)
	at org.testng.SuiteRunnerWorker.run(SuiteRunnerWorker.java:86)
	at org.testng.TestNG.runSuitesSequentially(TestNG.java:1293)
	at org.testng.TestNG.runSuitesLocally(TestNG.java:1218)
	at org.testng.TestNG.runSuites(TestNG.java:1133)
	at org.testng.TestNG.run(TestNG.java:1104)
	at org.testng.remote.AbstractRemoteTestNG.run(AbstractRemoteTestNG.java:115)
	at org.testng.remote.RemoteTestNG.initAndRun(RemoteTestNG.java:251)
	at org.testng.remote.RemoteTestNG.main(RemoteTestNG.java:77)
]]>
    </failure>
  </testcase> <!-- TC13_Inmobi_Midroll_Banner -->
</testsuite> <!-- com.telkomsel.android.vmp.phase23.drop1.TC13_Drop1_Regression_Inmobi_MidrollBanner_AdTest40 -->
