<?xml version="1.0" encoding="UTF-8"?>
<!-- Generated by org.testng.reporters.JUnitReportReporter -->
<testsuite name="mweb.ninetynine.SRP.SRP_Kontak" tests="1" time="30.599" ignored="0" failures="0" timestamp="28 Aug 2020 08:16:00 GMT" skipped="0" hostname="daniamrth" errors="1">
  <testcase name="Regression_Login_Account" time="30.599" classname="mweb.ninetynine.SRP.SRP_Kontak">
    <error type="org.openqa.selenium.WebDriverException" message="unknown error (An unknown server-side error occurred. status=&#039;false&#039;. Failed to complete internal method: &#039;startActivity args: [com.urbanindo.android, .modules.app.SplashScreenActivity, com.urbanindo.android, .modules.app.SplashScreenActivity, null, null, null, null, true, 10000]&#039;, details: Failed to start activity . wait for com.urbanindo.android/.modules.app.SplashScreenActivity failed after timeout)  (WARNING: The server did not provide any stacktrace information)
Command duration or timeout: 10.91 seconds
Build info: version: &#039;2.53.1&#039;, revision: &#039;a36b8b1cd5757287168e54b817830adce9b0158d&#039;, time: &#039;2016-06-30 19:26:09&#039;
System info: host: &#039;daniamrth&#039;, ip: &#039;192.168.137.1&#039;, os.name: &#039;Windows 10&#039;, os.arch: &#039;amd64&#039;, os.version: &#039;10.0&#039;, java.version: &#039;1.8.0_261&#039;
Driver info: io.appium.java_client.android.AndroidDriver
Capabilities [{appPackage=com.urbanindo.android, device.majorVersion=10, dontGoHomeOnQuit=false, device.os=Android, noReset=false, dontStopAppOnReset=false, reservationDuration=240, reportFormat=xml, deviceName=RR8M306YE7X, fullReset=false, platform=ANY, deviceUDID=RR8M306YE7X, install.only.for.update=false, desired={appPackage=com.urbanindo.android, appActivity=.modules.app.SplashScreenActivity, automationName=uiautomator, reportDirectory=D:WZNinetyNineCoNinetyNine_TestReport, platformName=Android, deviceName=RR8M306YE7X}, device.serialNumber=RR8M306YE7X, locationServicesAuthorized=false, device.version=10, automationName=uiautomator, reportDirectory=D:WZNinetyNineCoNinetyNine_TestReport, autoWebview=false, platformName=Android, udid=RR8M306YE7X, testName=mobile test 08/28/20 03:15 PM, device.screenSize=1080x2340, useKeystore=false, test.type=Mobile, commandTimeouts=120000, device.manufacture=samsung, instrumentApp=false, appiumVersion=1.8.0, device.category=PHONE, autoDismissAlerts=false, reportUrl=C:\Users\asus\appiumstudio-reports\test18, newSessionWaitTimeout=600, keystorePath=~/.android/debug.keystore, appActivity=.modules.app.SplashScreenActivity, waitForDeviceTimeout=120000, device.model=SM-A305F, device.name=A30, autoGrantPermissions=false, appBuildVersion=, appReleaseVersion=, takeScreenshots=true, projectName=, autoAcceptAlerts=false}]
Session ID: de10fd58-7f53-4b95-8271-c8b91e806db2">
      <![CDATA[org.openqa.selenium.WebDriverException: unknown error (An unknown server-side error occurred. status='false'. Failed to complete internal method: 'startActivity args: [com.urbanindo.android, .modules.app.SplashScreenActivity, com.urbanindo.android, .modules.app.SplashScreenActivity, null, null, null, null, true, 10000]', details: Failed to start activity . wait for com.urbanindo.android/.modules.app.SplashScreenActivity failed after timeout)  (WARNING: The server did not provide any stacktrace information)
Command duration or timeout: 10.91 seconds
Build info: version: '2.53.1', revision: 'a36b8b1cd5757287168e54b817830adce9b0158d', time: '2016-06-30 19:26:09'
System info: host: 'daniamrth', ip: '192.168.137.1', os.name: 'Windows 10', os.arch: 'amd64', os.version: '10.0', java.version: '1.8.0_261'
Driver info: io.appium.java_client.android.AndroidDriver
Capabilities [{appPackage=com.urbanindo.android, device.majorVersion=10, dontGoHomeOnQuit=false, device.os=Android, noReset=false, dontStopAppOnReset=false, reservationDuration=240, reportFormat=xml, deviceName=RR8M306YE7X, fullReset=false, platform=ANY, deviceUDID=RR8M306YE7X, install.only.for.update=false, desired={appPackage=com.urbanindo.android, appActivity=.modules.app.SplashScreenActivity, automationName=uiautomator, reportDirectory=D:WZNinetyNineCoNinetyNine_TestReport, platformName=Android, deviceName=RR8M306YE7X}, device.serialNumber=RR8M306YE7X, locationServicesAuthorized=false, device.version=10, automationName=uiautomator, reportDirectory=D:WZNinetyNineCoNinetyNine_TestReport, autoWebview=false, platformName=Android, udid=RR8M306YE7X, testName=mobile test 08/28/20 03:15 PM, device.screenSize=1080x2340, useKeystore=false, test.type=Mobile, commandTimeouts=120000, device.manufacture=samsung, instrumentApp=false, appiumVersion=1.8.0, device.category=PHONE, autoDismissAlerts=false, reportUrl=C:\Users\asus\appiumstudio-reports\test18, newSessionWaitTimeout=600, keystorePath=~/.android/debug.keystore, appActivity=.modules.app.SplashScreenActivity, waitForDeviceTimeout=120000, device.model=SM-A305F, device.name=A30, autoGrantPermissions=false, appBuildVersion=, appReleaseVersion=, takeScreenshots=true, projectName=, autoAcceptAlerts=false}]
Session ID: de10fd58-7f53-4b95-8271-c8b91e806db2
	at sun.reflect.NativeConstructorAccessorImpl.newInstance0(Native Method)
	at sun.reflect.NativeConstructorAccessorImpl.newInstance(Unknown Source)
	at sun.reflect.DelegatingConstructorAccessorImpl.newInstance(Unknown Source)
	at java.lang.reflect.Constructor.newInstance(Unknown Source)
	at org.openqa.selenium.remote.ErrorHandler.createThrowable(ErrorHandler.java:206)
	at org.openqa.selenium.remote.ErrorHandler.throwIfResponseFailed(ErrorHandler.java:158)
	at org.openqa.selenium.remote.RemoteWebDriver.execute(RemoteWebDriver.java:678)
	at io.appium.java_client.DefaultGenericMobileDriver.execute(DefaultGenericMobileDriver.java:40)
	at io.appium.java_client.AppiumDriver.execute(AppiumDriver.java:1)
	at io.appium.java_client.android.AndroidDriver.execute(AndroidDriver.java:1)
	at io.appium.java_client.CommandExecutionHelper.execute(CommandExecutionHelper.java:32)
	at io.appium.java_client.android.AndroidDriver.startActivity(AndroidDriver.java:266)
	at io.appium.java_client.android.AndroidDriver.startActivity(AndroidDriver.java:291)
	at android.ninetynine.util.Base_Test.changed_chromeApps(Base_Test.java:54)
	at mweb.ninetynine.SRP.SRP_Kontak.Regression_Login_Account(SRP_Kontak.java:24)
	at sun.reflect.NativeMethodAccessorImpl.invoke0(Native Method)
	at sun.reflect.NativeMethodAccessorImpl.invoke(Unknown Source)
	at sun.reflect.DelegatingMethodAccessorImpl.invoke(Unknown Source)
	at java.lang.reflect.Method.invoke(Unknown Source)
	at org.testng.internal.MethodInvocationHelper.invokeMethod(MethodInvocationHelper.java:104)
	at org.testng.internal.Invoker.invokeMethod(Invoker.java:645)
	at org.testng.internal.Invoker.invokeTestMethod(Invoker.java:851)
	at org.testng.internal.Invoker.invokeTestMethods(Invoker.java:1177)
	at org.testng.internal.TestMethodWorker.invokeTestMethods(TestMethodWorker.java:129)
	at org.testng.internal.TestMethodWorker.run(TestMethodWorker.java:112)
	at org.testng.TestRunner.privateRun(TestRunner.java:756)
	at org.testng.TestRunner.run(TestRunner.java:610)
	at org.testng.SuiteRunner.runTest(SuiteRunner.java:387)
	at org.testng.SuiteRunner.runSequentially(SuiteRunner.java:382)
	at org.testng.SuiteRunner.privateRun(SuiteRunner.java:340)
	at org.testng.SuiteRunner.run(SuiteRunner.java:289)
	at org.testng.SuiteRunnerWorker.runSuite(SuiteRunnerWorker.java:52)
	at org.testng.SuiteRunnerWorker.run(SuiteRunnerWorker.java:86)
	at org.testng.TestNG.runSuitesSequentially(TestNG.java:1293)
	at org.testng.TestNG.runSuitesLocally(TestNG.java:1218)
	at org.testng.TestNG.runSuites(TestNG.java:1133)
	at org.testng.TestNG.run(TestNG.java:1104)
	at org.testng.remote.AbstractRemoteTestNG.run(AbstractRemoteTestNG.java:115)
	at org.testng.remote.RemoteTestNG.initAndRun(RemoteTestNG.java:251)
	at org.testng.remote.RemoteTestNG.main(RemoteTestNG.java:77)
]]>
    </error>
  </testcase> <!-- Regression_Login_Account -->
</testsuite> <!-- mweb.ninetynine.SRP.SRP_Kontak -->
