<?xml version="1.0" encoding="UTF-8"?>
<!-- Generated by org.testng.reporters.JUnitReportReporter -->
<testsuite name="com.telkomsel.android.vmp.test.Group2_Regression_PreLoginBrowseFlow_MAXStreamHome" tests="1" time="109.301" ignored="0" failures="1" timestamp="05 Oct 2019 04:46:30 GMT" skipped="0" hostname="L-156182171" errors="0">
  <testcase name="Test_Regression_PreLoginBrowseFlo_MAXStreamHomepage" time="109.301" classname="com.telkomsel.android.vmp.test.Group2_Regression_PreLoginBrowseFlow_MAXStreamHome">
    <failure type="java.lang.AssertionError" message="Object not found step failed">
      <![CDATA[java.lang.AssertionError: Object not found step failed
	at org.testng.Assert.fail(Assert.java:94)
	at com.telkomsel.android.vmp.utilities.GeneralUtilities.verifyelemen(GeneralUtilities.java:54)
	at com.telkomsel.android.vmp.utilities.GeneralUtilities.click(GeneralUtilities.java:95)
	at com.telkomsel.android.vmp.pageobjects.MAXStreamHomepage.clickMoreOnDemand(MAXStreamHomepage.java:283)
	at com.telkomsel.android.vmp.test.Group2_Regression_PreLoginBrowseFlow_MAXStreamHome.Test_Regression_PreLoginBrowseFlo_MAXStreamHomepage(Group2_Regression_PreLoginBrowseFlow_MAXStreamHome.java:37)
	at sun.reflect.NativeMethodAccessorImpl.invoke0(Native Method)
	at sun.reflect.NativeMethodAccessorImpl.invoke(Unknown Source)
	at sun.reflect.DelegatingMethodAccessorImpl.invoke(Unknown Source)
	at java.lang.reflect.Method.invoke(Unknown Source)
	at org.testng.internal.MethodInvocationHelper.invokeMethod(MethodInvocationHelper.java:104)
	at org.testng.internal.Invoker.invokeMethod(Invoker.java:645)
	at org.testng.internal.Invoker.invokeTestMethod(Invoker.java:851)
	at org.testng.internal.Invoker.invokeTestMethods(Invoker.java:1177)
	at org.testng.internal.TestMethodWorker.invokeTestMethods(TestMethodWorker.java:129)
	at org.testng.internal.TestMethodWorker.run(TestMethodWorker.java:112)
	at org.testng.TestRunner.privateRun(TestRunner.java:756)
	at org.testng.TestRunner.run(TestRunner.java:610)
	at org.testng.SuiteRunner.runTest(SuiteRunner.java:387)
	at org.testng.SuiteRunner.runSequentially(SuiteRunner.java:382)
	at org.testng.SuiteRunner.privateRun(SuiteRunner.java:340)
	at org.testng.SuiteRunner.run(SuiteRunner.java:289)
	at org.testng.SuiteRunnerWorker.runSuite(SuiteRunnerWorker.java:52)
	at org.testng.SuiteRunnerWorker.run(SuiteRunnerWorker.java:86)
	at org.testng.TestNG.runSuitesSequentially(TestNG.java:1293)
	at org.testng.TestNG.runSuitesLocally(TestNG.java:1218)
	at org.testng.TestNG.runSuites(TestNG.java:1133)
	at org.testng.TestNG.run(TestNG.java:1104)
	at org.testng.remote.AbstractRemoteTestNG.run(AbstractRemoteTestNG.java:115)
	at org.testng.remote.RemoteTestNG.initAndRun(RemoteTestNG.java:251)
	at org.testng.remote.RemoteTestNG.main(RemoteTestNG.java:77)
]]>
    </failure>
  </testcase> <!-- Test_Regression_PreLoginBrowseFlo_MAXStreamHomepage -->
</testsuite> <!-- com.telkomsel.android.vmp.test.Group2_Regression_PreLoginBrowseFlow_MAXStreamHome -->
